<?xml version="1.0" encoding="UTF-8"?>
<!-- Generated by org.testng.reporters.JUnitReportReporter -->
<testsuite skipped="0" hostname="JYOTHI" name="com.actitime.timetrack.Demo" tests="1" failures="0" timestamp="2020-08-10T15:04:28 PDT" time="0.011" errors="0">
  <testcase name="runTest" time="0.011" classname="com.actitime.timetrack.Demo"/>
  <system-out>
Succesfully running  </system-out>
</testsuite> <!-- com.actitime.timetrack.Demo -->
